<?xml version="1.0" encoding="UTF-8" ?>
<testsuite failures="0" time="2.255" errors="0" skipped="0" tests="1" name="cz.sio2.crowler.FullCrawlerTest">
  <properties>
    <property name="java.runtime.name" value="Java(TM) SE Runtime Environment"/>
    <property name="sun.boot.library.path" value="C:\Program Files\Java\jdk1.7.0_07\jre\bin"/>
    <property name="java.vm.version" value="23.3-b01"/>
    <property name="java.vm.vendor" value="Oracle Corporation"/>
    <property name="java.vendor.url" value="http://java.oracle.com/"/>
    <property name="path.separator" value=";"/>
    <property name="guice.disable.misplaced.annotation.check" value="true"/>
    <property name="java.vm.name" value="Java HotSpot(TM) 64-Bit Server VM"/>
    <property name="file.encoding.pkg" value="sun.io"/>
    <property name="user.script" value=""/>
    <property name="user.country" value="US"/>
    <property name="sun.java.launcher" value="SUN_STANDARD"/>
    <property name="sun.os.patch.level" value="Service Pack 1"/>
    <property name="java.vm.specification.name" value="Java Virtual Machine Specification"/>
    <property name="user.dir" value="C:\Users\kub1x\school\fel\diplomka\crowler"/>
    <property name="java.runtime.version" value="1.7.0_07-b11"/>
    <property name="java.awt.graphicsenv" value="sun.awt.Win32GraphicsEnvironment"/>
    <property name="java.endorsed.dirs" value="C:\Program Files\Java\jdk1.7.0_07\jre\lib\endorsed"/>
    <property name="os.arch" value="amd64"/>
    <property name="java.io.tmpdir" value="C:\cygwin\tmp\"/>
    <property name="line.separator" value="
"/>
    <property name="java.vm.specification.vendor" value="Oracle Corporation"/>
    <property name="user.variant" value=""/>
    <property name="os.name" value="Windows 7"/>
    <property name="classworlds.conf" value="C:\Program Files\apache-maven-3.1.1/bin/m2.conf"/>
    <property name="sun.jnu.encoding" value="Cp1252"/>
    <property name="java.library.path" value="C:\Program Files\Java\jdk1.7.0_07\bin;C:\Windows\Sun\Java\bin;C:\Windows\system32;C:\Windows;C:\cygwin\usr\local\bin;C:\cygwin\bin;C:\Program Files\NVIDIA GPU Computing Toolkit\CUDA\v5.5\bin;C:\Program Files\NVIDIA GPU Computing Toolkit\CUDA\v5.5\libnvvp;C:\Program Files\Common Files\Microsoft Shared\Windows Live;C:\Program Files (x86)\Common Files\Microsoft Shared\Windows Live;C:\Program Files (x86)\Intel\iCLS Client;C:\Program Files\Intel\iCLS Client;C:\Windows\system32;C:\Windows;C:\Windows\System32\Wbem;C:\Windows\System32\WindowsPowerShell\v1.0;C:\Program Files\Intel\WiFi\bin;C:\Program Files\Common Files\Intel\WirelessCommon;C:\Program Files\Intel\Intel(R) Management Engine Components\DAL;C:\Program Files\Intel\Intel(R) Management Engine Components\IPT;C:\Program Files (x86)\Intel\Intel(R) Management Engine Components\DAL;C:\Program Files (x86)\Intel\Intel(R) Management Engine Components\IPT;C:\Program Files (x86)\Intel\OpenCL SDK\2.0\bin\x86;C:\Program Files (x86)\Intel\OpenCL SDK\2.0\bin\x64;C:\Program Files\Common Files\Lenovo;C:\Program Files (x86)\Common Files\Ulead Systems\MPEG;C:\Program Files (x86)\Windows Live\Shared;C:\SWTOOLS\ReadyApps;C:\Program Files (x86)\Symantec\VIP Access Client;C:\Program Files (x86)\Common Files\Lenovo;C:\Program Files\Microsoft SQL Server\110\Tools\Binn;C:\Program Files\nodejs;C:\Program Files\MATLAB\R2013a\runtime\win64;C:\Program Files\MATLAB\R2013a\bin;C:\Program Files (x86)\Git\cmd;C:\Program Files\MiKTeX 2.9\miktex\bin\x64;C:\Program Files\OpenVPN\bin;C:\Program Files\Microsoft\Web Platform Installer;C:\Program Files (x86)\Microsoft ASP.NET\ASP.NET Web Pages\v1.0;C:\Program Files (x86)\Windows Kits\8.0\Windows Performance Toolkit;C:\Program Files (x86)\WinSCP;C:\Program Files (x86)\CineForm\Tools;C:\Program Files\TortoiseHg;C:\Program Files\jEdit;C:\Program Files\TortoiseSVN\bin;C:\Program Files\TortoiseGit\bin;C:\Users\kub1x\scripts;C:\Python27;C:\Python27\Scripts;C:\Users\kub1x\AppData\Roaming\npm;C:\MinGW\bin;C:\Program Files\IBM\ILOG\CPLEX_Studio124\opl\bin\x64_win64;C:\Program Files\IBM\ILOG\CPLEX_Studio124\opl\oplide;C:\Program Files\IBM\ILOG\CPLEX_Studio124\cplex\bin\x64_win64;C:\Program Files\IBM\ILOG\CPLEX_Studio124\cpoptimizer\bin\x64_win64;C:\Program Files\IBM\ILOG\CPLEX_Studio124\opl\bin\x64_win64;C:\Program Files\IBM\ILOG\CPLEX_Studio124\opl\oplide;C:\Program Files\IBM\ILOG\CPLEX_Studio124\cplex\bin\x64_win64;C:\Program Files\IBM\ILOG\CPLEX_Studio124\cpoptimizer\bin\x64_win64;C:\Program Files\IBM\ILOG\CPLEX_Studio124\opl\bin\x64_win64;C:\Program Files\IBM\ILOG\CPLEX_Studio124\opl\oplide;C:\Program Files\IBM\ILOG\CPLEX_Studio124\cplex\bin\x64_win64;C:\Program Files\IBM\ILOG\CPLEX_Studio124\cpoptimizer\bin\x64_win64;C:\Program Files\IBM\ILOG\CPLEX_Studio124\opl\bin\x64_win64;C:\Program Files\IBM\ILOG\CPLEX_Studio124\opl\oplide;C:\Program Files\IBM\ILOG\CPLEX_Studio124\cplex\bin\x64_win64;C:\Program Files\IBM\ILOG\CPLEX_Studio124\cpoptimizer\bin\x64_win64;.;.;.;C:\cygwin\lib\lapack;C:\Program Files\Java\jdk1.7.0_07\bin;C:\Program Files\apache-maven-3.1.1\bin;."/>
    <property name="java.specification.name" value="Java Platform API Specification"/>
    <property name="java.class.version" value="51.0"/>
    <property name="sun.management.compiler" value="HotSpot 64-Bit Tiered Compilers"/>
    <property name="os.version" value="6.1"/>
    <property name="user.home" value="C:\Users\kub1x"/>
    <property name="user.timezone" value="Europe/Prague"/>
    <property name="java.awt.printerjob" value="sun.awt.windows.WPrinterJob"/>
    <property name="java.specification.version" value="1.7"/>
    <property name="file.encoding" value="Cp1252"/>
    <property name="user.name" value="kub1x"/>
    <property name="java.class.path" value="C:\Program Files\apache-maven-3.1.1/boot/plexus-classworlds-2.5.1.jar"/>
    <property name="org.slf4j.simpleLogger.defaultLogLevel" value="info"/>
    <property name="java.vm.specification.version" value="1.7"/>
    <property name="sun.arch.data.model" value="64"/>
    <property name="java.home" value="C:\Program Files\Java\jdk1.7.0_07\jre"/>
    <property name="sun.java.command" value="org.codehaus.plexus.classworlds.launcher.Launcher package"/>
    <property name="java.specification.vendor" value="Oracle Corporation"/>
    <property name="user.language" value="en"/>
    <property name="awt.toolkit" value="sun.awt.windows.WToolkit"/>
    <property name="java.vm.info" value="mixed mode"/>
    <property name="java.version" value="1.7.0_07"/>
    <property name="java.ext.dirs" value="C:\Program Files\Java\jdk1.7.0_07\jre\lib\ext;C:\Windows\Sun\Java\lib\ext"/>
    <property name="sun.boot.class.path" value="C:\Program Files\Java\jdk1.7.0_07\jre\lib\resources.jar;C:\Program Files\Java\jdk1.7.0_07\jre\lib\rt.jar;C:\Program Files\Java\jdk1.7.0_07\jre\lib\sunrsasign.jar;C:\Program Files\Java\jdk1.7.0_07\jre\lib\jsse.jar;C:\Program Files\Java\jdk1.7.0_07\jre\lib\jce.jar;C:\Program Files\Java\jdk1.7.0_07\jre\lib\charsets.jar;C:\Program Files\Java\jdk1.7.0_07\jre\lib\jfr.jar;C:\Program Files\Java\jdk1.7.0_07\jre\classes"/>
    <property name="java.vendor" value="Oracle Corporation"/>
    <property name="maven.home" value="C:\Program Files\apache-maven-3.1.1"/>
    <property name="file.separator" value="\"/>
    <property name="java.vendor.url.bug" value="http://bugreport.sun.com/bugreport/"/>
    <property name="sun.cpu.endian" value="little"/>
    <property name="sun.io.unicode.encoding" value="UnicodeLittle"/>
    <property name="sun.desktop" value="windows"/>
    <property name="sun.cpu.isalist" value="amd64"/>
  </properties>
  <testcase time="2.255" classname="cz.sio2.crowler.FullCrawlerTest" name="testCrawl"/>
</testsuite>